2025-08-14 18:43:00 | INFO | repo=pv243-a4m36jee-2018-security-seminar | action=commit
2025-01-11 07:37:00 | DEBUG | repo=pv243-a4m36jee-2018-security-seminar | action=commit
2025-03-02 07:57:00 | INFO | repo=pv243-a4m36jee-2018-security-seminar | action=commit
2025-11-28 08:59:00 | INFO | repo=pv243-a4m36jee-2018-security-seminar | action=commit
2025-02-11 11:59:00 | INFO | repo=pv243-a4m36jee-2018-security-seminar | action=commit
2025-02-06 07:24:00 | WARN | repo=pv243-a4m36jee-2018-security-seminar | action=commit
2025-08-03 15:40:00 | WARN | repo=pv243-a4m36jee-2018-security-seminar | action=commit
2025-04-05 15:08:00 | INFO | repo=pv243-a4m36jee-2018-security-seminar | action=edit | files=4
2025-11-07 10:30:00 | DEBUG | repo=pv243-a4m36jee-2018-security-seminar | action=commit
2025-01-13 19:09:00 | INFO | repo=pv243-a4m36jee-2018-security-seminar | action=commit
2025-07-26 20:04:00 | INFO | repo=pv243-a4m36jee-2018-security-seminar | action=commit
2025-02-06 16:32:00 | WARN | repo=pv243-a4m36jee-2018-security-seminar | action=commit
2025-12-10 15:12:00 | WARN | repo=pv243-a4m36jee-2018-security-seminar | action=pull
2025-07-03 19:20:00 | DEBUG | repo=pv243-a4m36jee-2018-security-seminar | action=commit
2025-10-18 17:58:00 | DEBUG | repo=pv243-a4m36jee-2018-security-seminar | action=commit
2025-10-15 11:54:00 | DEBUG | repo=pv243-a4m36jee-2018-security-seminar | action=edit | files=4
2025-06-14 07:07:00 | INFO | repo=pv243-a4m36jee-2018-security-seminar | action=test | passed=true
2025-02-15 16:40:00 | DEBUG | repo=pv243-a4m36jee-2018-security-seminar | action=edit | files=5
2025-12-12 16:44:00 | INFO | repo=pv243-a4m36jee-2018-security-seminar | action=commit
2025-08-05 07:04:00 | DEBUG | repo=pv243-a4m36jee-2018-security-seminar | action=commit
2025-07-11 08:52:00 | INFO | repo=pv243-a4m36jee-2018-security-seminar | action=pull
2025-06-05 07:07:00 | DEBUG | repo=pv243-a4m36jee-2018-security-seminar | action=commit
2025-08-23 08:10:00 | DEBUG | repo=pv243-a4m36jee-2018-security-seminar | action=commit
2025-10-02 09:12:00 | DEBUG | repo=pv243-a4m36jee-2018-security-seminar | action=edit | files=1
2025-12-15 18:29:00 | INFO | repo=pv243-a4m36jee-2018-security-seminar | action=commit
2025-05-04 13:05:00 | WARN | repo=pv243-a4m36jee-2018-security-seminar | action=commit
2025-11-07 19:53:00 | INFO | repo=pv243-a4m36jee-2018-security-seminar | action=edit | files=1
2025-09-20 08:41:00 | WARN | repo=pv243-a4m36jee-2018-security-seminar | action=commit
2025-09-04 08:21:00 | WARN | repo=pv243-a4m36jee-2018-security-seminar | action=commit
2025-11-13 12:25:00 | WARN | repo=pv243-a4m36jee-2018-security-seminar | action=test | passed=true
2025-09-09 12:41:00 | INFO | repo=pv243-a4m36jee-2018-security-seminar | action=test | passed=true
2025-08-04 07:14:00 | DEBUG | repo=pv243-a4m36jee-2018-security-seminar | action=commit
